<?xml version="1.0" encoding="UTF-8"?>
<testsuites>
  <testsuite name="applyQtl" timestamp="2024-06-17T08:47:28Z" hostname="fcab951bd68f" tests="7" skipped="0" failures="0" errors="0" time="0.094">
    <testcase time="0.0149999999999999" classname="applyQtl" name="applyQtl_fails_gracefull_with_bad_inputs"/>
    <testcase time="0.019" classname="applyQtl" name="applyQtl_fails_gracefull_with_bad_inputs"/>
    <testcase time="0.013" classname="applyQtl" name="applyQtl_fails_gracefull_with_bad_inputs"/>
    <testcase time="0.01" classname="applyQtl" name="applyQtl_fails_gracefull_with_bad_inputs"/>
    <testcase time="0.02" classname="applyQtl" name="applyQtl_works"/>
    <testcase time="0.00600000000000001" classname="applyQtl" name="applyQtl_works"/>
    <testcase time="0.011" classname="applyQtl" name="applyQtl_works"/>
  </testsuite>
  <testsuite name="autorunJagsAndCaptureOutput" timestamp="2024-06-17T08:47:28Z" hostname="fcab951bd68f" tests="4" skipped="0" failures="0" errors="0" time="0.096">
    <testcase time="0.036" classname="autorunJagsAndCaptureOutput" name=".autorunJagsAndCaptureOutput_fails_gracefully_with_bad_inputs"/>
    <testcase time="0.0089999999999999" classname="autorunJagsAndCaptureOutput" name=".autorunJagsAndCaptureOutput_fails_gracefully_with_bad_inputs"/>
    <testcase time="0.00600000000000001" classname="autorunJagsAndCaptureOutput" name=".autorunJagsAndCaptureOutput_fails_gracefully_with_bad_inputs"/>
    <testcase time="0.045" classname="autorunJagsAndCaptureOutput" name=".autorunJagsAndCaptureOutput_fails_gracefully_with_bad_inputs"/>
  </testsuite>
  <testsuite name="createBinomialInit" timestamp="2024-06-17T08:47:28Z" hostname="fcab951bd68f" tests="30" skipped="0" failures="0" errors="0" time="8.533">
    <testcase time="0.026" classname="createBinomialInit" name=".createBinomialInit_handles_illegal_input_correctly"/>
    <testcase time="0.005" classname="createBinomialInit" name=".createBinomialInit_handles_illegal_input_correctly"/>
    <testcase time="0.00600000000000001" classname="createBinomialInit" name=".createBinomialInit_handles_illegal_input_correctly"/>
    <testcase time="0.005" classname="createBinomialInit" name=".createBinomialInit_handles_illegal_input_correctly"/>
    <testcase time="0.00600000000000001" classname="createBinomialInit" name=".createBinomialInit_handles_illegal_input_correctly"/>
    <testcase time="0.005" classname="createBinomialInit" name=".createBinomialInit_handles_illegal_input_correctly"/>
    <testcase time="0.00600000000000001" classname="createBinomialInit" name=".createBinomialInit_handles_illegal_input_correctly"/>
    <testcase time="0.00800000000000001" classname="createBinomialInit" name=".createBinomialInit_handles_illegal_input_correctly"/>
    <testcase time="0.00800000000000001" classname="createBinomialInit" name=".createBinomialInit_handles_illegal_input_correctly"/>
    <testcase time="0.0069999999999999" classname="createBinomialInit" name=".createBinomialInit_handles_illegal_input_correctly"/>
    <testcase time="0.00600000000000001" classname="createBinomialInit" name=".createBinomialInit_handles_illegal_input_correctly"/>
    <testcase time="0.005" classname="createBinomialInit" name=".createBinomialInit_handles_illegal_input_correctly"/>
    <testcase time="0.00600000000000001" classname="createBinomialInit" name=".createBinomialInit_handles_illegal_input_correctly"/>
    <testcase time="0.005" classname="createBinomialInit" name=".createBinomialInit_handles_illegal_input_correctly"/>
    <testcase time="0.00600000000000001" classname="createBinomialInit" name=".createBinomialInit_handles_illegal_input_correctly"/>
    <testcase time="0.01" classname="createBinomialInit" name=".createBinomialInit_returns_correct_RNG"/>
    <testcase time="0.005" classname="createBinomialInit" name=".createBinomialInit_returns_correct_RNG"/>
    <testcase time="0.005" classname="createBinomialInit" name=".createBinomialInit_returns_correct_RNG"/>
    <testcase time="0.004" classname="createBinomialInit" name=".createBinomialInit_returns_correct_RNG"/>
    <testcase time="0.005" classname="createBinomialInit" name=".createBinomialInit_returns_correct_RNG"/>
    <testcase time="0.00700000000000001" classname="createBinomialInit" name=".createBinomialInit_handles_seed_correctly"/>
    <testcase time="2.117" classname="createBinomialInit" name=".createBinomialInit_handles_seed_correctly"/>
    <testcase time="2.052" classname="createBinomialInit" name=".createBinomialInit_returns_random_initial_values_for_p"/>
    <testcase time="0.00300000000000011" classname="createBinomialInit" name=".createBinomialInit_returns_random_initial_values_for_p"/>
    <testcase time="0.00199999999999978" classname="createBinomialInit" name=".createBinomialInit_returns_random_initial_values_for_p"/>
    <testcase time="0.0110000000000001" classname="createBinomialInit" name=".createBinomialInit_handles_quantiles_correctly"/>
    <testcase time="0.00300000000000011" classname="createBinomialInit" name=".createBinomialInit_handles_quantiles_correctly"/>
    <testcase time="2.112" classname="createBinomialInit" name=".createBinomialInit_handles_quantiles_correctly"/>
    <testcase time="2.079" classname="createBinomialInit" name=".createBinomialInit_handles_quantiles_correctly"/>
    <testcase time="0.0080000000000009" classname="createBinomialInit" name=".createBinomialInits_returns_a_list_with_correctly_named_elements"/>
  </testsuite>
  <testsuite name="createObservedMinusExpectedPlot" timestamp="2024-06-17T08:47:36Z" hostname="fcab951bd68f" tests="4" skipped="0" failures="0" errors="0" time="0.151">
    <testcase time="0.0109999999999992" classname="createObservedMinusExpectedPlot" name="createObservedMinusExpectedPlot_fails_gracefully_with_bad_inputs"/>
    <testcase time="0.00600000000000023" classname="createObservedMinusExpectedPlot" name="createObservedMinusExpectedPlot_fails_gracefully_with_bad_inputs"/>
    <testcase time="0.00699999999999967" classname="createObservedMinusExpectedPlot" name="createObservedMinusExpectedPlot_fails_gracefully_with_bad_inputs"/>
    <testcase time="0.127000000000001" classname="createObservedMinusExpectedPlot" name="createObservedMinusExpectedPlot_returns_an_object_of_the_correct_type"/>
  </testsuite>
  <testsuite name="createObservedMinusExpectedTable" timestamp="2024-06-17T08:47:36Z" hostname="fcab951bd68f" tests="15" skipped="0" failures="0" errors="0" time="0.095">
    <testcase time="0.0150000000000006" classname="createObservedMinusExpectedTable" name="createObservedMinusExpectedTable_fails_gracefully_with_bad_inputs"/>
    <testcase time="0.00600000000000023" classname="createObservedMinusExpectedTable" name="createObservedMinusExpectedTable_fails_gracefully_with_bad_inputs"/>
    <testcase time="0.00600000000000023" classname="createObservedMinusExpectedTable" name="createObservedMinusExpectedTable_fails_gracefully_with_bad_inputs"/>
    <testcase time="0.00699999999999967" classname="createObservedMinusExpectedTable" name="createObservedMinusExpectedTable_fails_gracefully_with_bad_inputs"/>
    <testcase time="0.0190000000000001" classname="createObservedMinusExpectedTable" name="createObservedMinusExpectedTable_returns_an_object_of_the_correct_type"/>
    <testcase time="0.00300000000000011" classname="createObservedMinusExpectedTable" name="createObservedMinusExpectedTable_returns_an_object_of_the_correct_type"/>
    <testcase time="0.00199999999999889" classname="createObservedMinusExpectedTable" name="createObservedMinusExpectedTable_returns_an_object_of_the_correct_type"/>
    <testcase time="0.00300000000000011" classname="createObservedMinusExpectedTable" name="createObservedMinusExpectedTable_returns_an_object_of_the_correct_type"/>
    <testcase time="0.00300000000000011" classname="createObservedMinusExpectedTable" name="createObservedMinusExpectedTable_returns_an_object_of_the_correct_type"/>
    <testcase time="0.00300000000000011" classname="createObservedMinusExpectedTable" name="createObservedMinusExpectedTable_returns_an_object_of_the_correct_type"/>
    <testcase time="0.00300000000000011" classname="createObservedMinusExpectedTable" name="createObservedMinusExpectedTable_returns_an_object_of_the_correct_type"/>
    <testcase time="0.00200000000000067" classname="createObservedMinusExpectedTable" name="createObservedMinusExpectedTable_returns_an_object_of_the_correct_type"/>
    <testcase time="0.00299999999999834" classname="createObservedMinusExpectedTable" name="createObservedMinusExpectedTable_returns_an_object_of_the_correct_type"/>
    <testcase time="0.00300000000000011" classname="createObservedMinusExpectedTable" name="createObservedMinusExpectedTable_returns_an_object_of_the_correct_type"/>
    <testcase time="0.0170000000000012" classname="createObservedMinusExpectedTable" name="createObservedMinusExpectedTable_returns_an_object_of_the_correct_type"/>
  </testsuite>
  <testsuite name="createObservedOverExpectedPlot" timestamp="2024-06-17T08:47:37Z" hostname="fcab951bd68f" tests="4" skipped="0" failures="0" errors="0" time="0.055">
    <testcase time="0.0109999999999992" classname="createObservedOverExpectedPlot" name="createObservedOverExpectedPlot_fails_gracefully_with_bad_inputs"/>
    <testcase time="0.00399999999999956" classname="createObservedOverExpectedPlot" name="createObservedOverExpectedPlot_fails_gracefully_with_bad_inputs"/>
    <testcase time="0.0080000000000009" classname="createObservedOverExpectedPlot" name="createObservedOverExpectedPlot_fails_gracefully_with_bad_inputs"/>
    <testcase time="0.032" classname="createObservedOverExpectedPlot" name="createObservedOverExpectedPlot_returns_an_object_of_the_correct_type"/>
  </testsuite>
  <testsuite name="createObservedOverExpectedTable" timestamp="2024-06-17T08:47:37Z" hostname="fcab951bd68f" tests="20" skipped="0" failures="0" errors="0" time="0.101">
    <testcase time="0.0150000000000006" classname="createObservedOverExpectedTable" name="createObservedOverExpectedTable_fails_gracefully_with_bad_inputs"/>
    <testcase time="0.00599999999999845" classname="createObservedOverExpectedTable" name="createObservedOverExpectedTable_fails_gracefully_with_bad_inputs"/>
    <testcase time="0.0140000000000011" classname="createObservedOverExpectedTable" name="createObservedOverExpectedTable_returns_an_object_of_the_correct_type"/>
    <testcase time="0.00199999999999889" classname="createObservedOverExpectedTable" name="createObservedOverExpectedTable_returns_an_object_of_the_correct_type"/>
    <testcase time="0.00300000000000011" classname="createObservedOverExpectedTable" name="createObservedOverExpectedTable_returns_an_object_of_the_correct_type"/>
    <testcase time="0.00200000000000067" classname="createObservedOverExpectedTable" name="createObservedOverExpectedTable_returns_an_object_of_the_correct_type"/>
    <testcase time="0.00500000000000078" classname="createObservedOverExpectedTable" name="createObservedOverExpectedTable_returns_an_object_of_the_correct_type"/>
    <testcase time="0.00299999999999834" classname="createObservedOverExpectedTable" name="createObservedOverExpectedTable_returns_an_object_of_the_correct_type"/>
    <testcase time="0.00300000000000011" classname="createObservedOverExpectedTable" name="createObservedOverExpectedTable_returns_an_object_of_the_correct_type"/>
    <testcase time="0.00200000000000067" classname="createObservedOverExpectedTable" name="createObservedOverExpectedTable_returns_an_object_of_the_correct_type"/>
    <testcase time="0.00300000000000011" classname="createObservedOverExpectedTable" name="createObservedOverExpectedTable_returns_an_object_of_the_correct_type"/>
    <testcase time="0.00200000000000067" classname="createObservedOverExpectedTable" name="createObservedOverExpectedTable_returns_an_object_of_the_correct_type"/>
    <testcase time="0.00300000000000011" classname="createObservedOverExpectedTable" name="createObservedOverExpectedTable_returns_an_object_of_the_correct_type"/>
    <testcase time="0.00199999999999889" classname="createObservedOverExpectedTable" name="createObservedOverExpectedTable_returns_an_object_of_the_correct_type"/>
    <testcase time="0.00300000000000011" classname="createObservedOverExpectedTable" name="createObservedOverExpectedTable_returns_an_object_of_the_correct_type"/>
    <testcase time="0.00200000000000067" classname="createObservedOverExpectedTable" name="createObservedOverExpectedTable_returns_an_object_of_the_correct_type"/>
    <testcase time="0.0139999999999993" classname="createObservedOverExpectedTable" name="createObservedOverExpectedTable_returns_an_object_of_the_correct_type"/>
    <testcase time="0.00300000000000011" classname="createObservedOverExpectedTable" name="createObservedOverExpectedTable_returns_an_object_of_the_correct_type"/>
    <testcase time="0.0109999999999992" classname="createObservedOverExpectedTable" name="createObservedOverExpectedTable_returns_an_object_of_the_correct_type"/>
    <testcase time="0.00300000000000011" classname="createObservedOverExpectedTable" name="createObservedOverExpectedTable_returns_an_object_of_the_correct_type"/>
  </testsuite>
  <testsuite name="createPoissonInit" timestamp="2024-06-17T08:47:37Z" hostname="fcab951bd68f" tests="32" skipped="0" failures="0" errors="0" time="12.8">
    <testcase time="0.0120000000000005" classname="createPoissonInit" name=".createBinomialInit_handles_illegal_input_correctly"/>
    <testcase time="0.00900000000000034" classname="createPoissonInit" name=".createBinomialInit_handles_illegal_input_correctly"/>
    <testcase time="0.00600000000000023" classname="createPoissonInit" name=".createBinomialInit_handles_illegal_input_correctly"/>
    <testcase time="0.00600000000000023" classname="createPoissonInit" name=".createBinomialInit_handles_illegal_input_correctly"/>
    <testcase time="0.00600000000000023" classname="createPoissonInit" name=".createBinomialInit_handles_illegal_input_correctly"/>
    <testcase time="0.020999999999999" classname="createPoissonInit" name=".createBinomialInit_handles_illegal_input_correctly"/>
    <testcase time="0.00600000000000023" classname="createPoissonInit" name=".createBinomialInit_handles_illegal_input_correctly"/>
    <testcase time="0.00500000000000078" classname="createPoissonInit" name=".createBinomialInit_handles_illegal_input_correctly"/>
    <testcase time="0.00799999999999912" classname="createPoissonInit" name=".createBinomialInit_handles_illegal_input_correctly"/>
    <testcase time="0.00999999999999979" classname="createPoissonInit" name=".createBinomialInit_handles_illegal_input_correctly"/>
    <testcase time="0.00600000000000023" classname="createPoissonInit" name=".createBinomialInit_handles_illegal_input_correctly"/>
    <testcase time="0.00600000000000023" classname="createPoissonInit" name=".createBinomialInit_handles_illegal_input_correctly"/>
    <testcase time="0.00499999999999901" classname="createPoissonInit" name=".createBinomialInit_handles_illegal_input_correctly"/>
    <testcase time="0.00600000000000023" classname="createPoissonInit" name=".createBinomialInit_handles_illegal_input_correctly"/>
    <testcase time="0.0080000000000009" classname="createPoissonInit" name=".createBinomialInit_handles_illegal_input_correctly"/>
    <testcase time="0.00799999999999912" classname="createPoissonInit" name=".createPoissonInit_returns_correct_RNG"/>
    <testcase time="0.00500000000000078" classname="createPoissonInit" name=".createPoissonInit_returns_correct_RNG"/>
    <testcase time="0.00499999999999901" classname="createPoissonInit" name=".createPoissonInit_returns_correct_RNG"/>
    <testcase time="0.00400000000000134" classname="createPoissonInit" name=".createPoissonInit_returns_correct_RNG"/>
    <testcase time="0.00499999999999901" classname="createPoissonInit" name=".createPoissonInit_returns_correct_RNG"/>
    <testcase time="0.011000000000001" classname="createPoissonInit" name=".createPoissonInit_handles_seed_correctly"/>
    <testcase time="2.225" classname="createPoissonInit" name=".createPoissonInit_handles_seed_correctly"/>
    <testcase time="2.019" classname="createPoissonInit" name=".createPoissonInit_returns_random_initial_values_for_lambda"/>
    <testcase time="0.00799999999999912" classname="createPoissonInit" name=".createPoissonInit_handles_quantiles_correctly"/>
    <testcase time="0.00300000000000011" classname="createPoissonInit" name=".createPoissonInit_handles_quantiles_correctly"/>
    <testcase time="2.072" classname="createPoissonInit" name=".createPoissonInit_handles_quantiles_correctly"/>
    <testcase time="2.092" classname="createPoissonInit" name=".createPoissonInit_handles_quantiles_correctly"/>
    <testcase time="0.00800000000000267" classname="createPoissonInit" name=".createPoissonInit_returns_a_list_with_correctly_named_elements"/>
    <testcase time="0.0069999999999979" classname="createPoissonInit" name=".createPoissonInit_handles_quantiles_correctly"/>
    <testcase time="0.00300000000000011" classname="createPoissonInit" name=".createPoissonInit_handles_quantiles_correctly"/>
    <testcase time="2.097" classname="createPoissonInit" name=".createPoissonInit_handles_quantiles_correctly"/>
    <testcase time="2.108" classname="createPoissonInit" name=".createPoissonInit_handles_quantiles_correctly"/>
  </testsuite>
  <testsuite name="createQtlBubblePlot" timestamp="2024-06-17T08:47:50Z" hostname="fcab951bd68f" tests="24" skipped="0" failures="4" errors="0" time="0.338">
    <testcase time="0.0179999999999971" classname="createQtlBubblePlot" name="createQtlBubblePlot_fails_elegantly_with_bad_inputs"/>
    <testcase time="0.00700000000000145" classname="createQtlBubblePlot" name="createQtlBubblePlot_fails_elegantly_with_bad_inputs"/>
    <testcase time="0.00700000000000145" classname="createQtlBubblePlot" name="createQtlBubblePlot_fails_elegantly_with_bad_inputs"/>
    <testcase time="0.00599999999999667" classname="createQtlBubblePlot" name="createQtlBubblePlot_fails_elegantly_with_bad_inputs"/>
    <testcase time="0.00600000000000023" classname="createQtlBubblePlot" name="createQtlBubblePlot_fails_elegantly_with_bad_inputs"/>
    <testcase time="0.0100000000000016" classname="createQtlBubblePlot" name="createQtlBubblePlot_fails_elegantly_with_bad_inputs"/>
    <testcase time="0.00600000000000023" classname="createQtlBubblePlot" name="createQtlBubblePlot_fails_elegantly_with_bad_inputs"/>
    <testcase time="0.00600000000000023" classname="createQtlBubblePlot" name="createQtlBubblePlot_fails_elegantly_with_bad_inputs"/>
    <testcase time="0.00600000000000023" classname="createQtlBubblePlot" name="createQtlBubblePlot_fails_elegantly_with_bad_inputs"/>
    <testcase time="0.00600000000000023" classname="createQtlBubblePlot" name="createQtlBubblePlot_fails_elegantly_with_bad_inputs"/>
    <testcase time="0.0109999999999992" classname="createQtlBubblePlot" name="createQtlBubblePlot_fails_elegantly_with_bad_inputs"/>
    <testcase time="0.0410000000000004" classname="createQtlBubblePlot" name="createQtlBubblePlot_produces_a_ggplot_object"/>
    <testcase time="0.0189999999999984" classname="createQtlBubblePlot" name="creatQtlBubblePlot_output_contains_correct_elements"/>
    <testcase time="0.00300000000000011" classname="createQtlBubblePlot" name="creatQtlBubblePlot_output_contains_correct_elements"/>
    <testcase time="0.00200000000000244" classname="createQtlBubblePlot" name="creatQtlBubblePlot_output_contains_correct_elements"/>
    <testcase time="0.00300000000000011" classname="createQtlBubblePlot" name="creatQtlBubblePlot_output_contains_correct_elements"/>
    <testcase time="0.0819999999999972" classname="createQtlBubblePlot" name="creatQtlBubblePlot_output_contains_correct_elements">
      <failure type="failure" message="names(p$guides) (`actual`) not equal to &quot;size&quot; (`expected`). ('test-createQtlBubblePlot.R:92:3')">names(p$guides) (`actual`) not equal to "size" (`expected`).

`actual`:   "guides" "super"
`expected`: "size"          </failure>
    </testcase>
    <testcase time="0.0250000000000021" classname="createQtlBubblePlot" name="creatQtlBubblePlot_output_contains_correct_elements">
      <failure type="failure" message="p$guides$size (`actual`) not equal to &quot;none&quot; (`expected`). ('test-createQtlBubblePlot.R:93:3')">p$guides$size (`actual`) not equal to "none" (`expected`).

`actual` is NULL
`expected` is a character vector ('none')</failure>
    </testcase>
    <testcase time="0.0399999999999991" classname="createQtlBubblePlot" name="creatQtlBubblePlot_output_contains_correct_elements"/>
    <testcase time="0.00300000000000011" classname="createQtlBubblePlot" name="creatQtlBubblePlot_output_contains_correct_elements"/>
    <testcase time="0.00199999999999889" classname="createQtlBubblePlot" name="creatQtlBubblePlot_output_contains_correct_elements"/>
    <testcase time="0.00300000000000011" classname="createQtlBubblePlot" name="creatQtlBubblePlot_output_contains_correct_elements"/>
    <testcase time="0.0130000000000017" classname="createQtlBubblePlot" name="creatQtlBubblePlot_output_contains_correct_elements">
      <failure type="failure" message="names(p$guides) (`actual`) not equal to &quot;size&quot; (`expected`). ('test-createQtlBubblePlot.R:122:3')">names(p$guides) (`actual`) not equal to "size" (`expected`).

`actual`:   "guides" "super"
`expected`: "size"          </failure>
    </testcase>
    <testcase time="0.0129999999999981" classname="createQtlBubblePlot" name="creatQtlBubblePlot_output_contains_correct_elements">
      <failure type="failure" message="p$guides$size (`actual`) not equal to &quot;none&quot; (`expected`). ('test-createQtlBubblePlot.R:123:3')">p$guides$size (`actual`) not equal to "none" (`expected`).

`actual` is NULL
`expected` is a character vector ('none')</failure>
    </testcase>
  </testsuite>
  <testsuite name="createQtlPlot" timestamp="2024-06-17T08:47:50Z" hostname="fcab951bd68f" tests="11" skipped="0" failures="1" errors="0" time="3.501">
    <testcase time="0.0180000000000007" classname="createQtlPlot" name="createQtlPlot_fails_gracefully_with_bad_input"/>
    <testcase time="0.00600000000000023" classname="createQtlPlot" name="createQtlPlot_fails_gracefully_with_bad_input"/>
    <testcase time="0.00400000000000134" classname="createQtlPlot" name="createQtlPlot_fails_gracefully_with_bad_input"/>
    <testcase time="0.00900000000000034" classname="createQtlPlot" name="createQtlPlot_fails_gracefully_with_bad_input"/>
    <testcase time="0.00499999999999901" classname="createQtlPlot" name="createQtlPlot_fails_gracefully_with_bad_input"/>
    <testcase time="3.442" classname="createQtlPlot" name="createQtlPlot_creates_a_valid_ggplot_object"/>
    <testcase time="0.00300000000000011" classname="createQtlPlot" name="createQtlPlot_creates_a_valid_ggplot_object"/>
    <testcase time="0.00300000000000011" classname="createQtlPlot" name="createQtlPlot_creates_a_valid_ggplot_object"/>
    <testcase time="0.00300000000000011" classname="createQtlPlot" name="createQtlPlot_creates_a_valid_ggplot_object"/>
    <testcase time="0.00199999999999889" classname="createQtlPlot" name="createQtlPlot_creates_a_valid_ggplot_object"/>
    <testcase time="0.00600000000000023" classname="createQtlPlot" name="createQtlPlot_creates_a_valid_ggplot_object">
      <failure type="failure" message="names(p$guides) (`actual`) not equal to NULL (`expected`). ('test-createQtlPlot.R:61:3')">names(p$guides) (`actual`) not equal to NULL (`expected`).

`actual` is a character vector ('guides', 'super')
`expected` is NULL</failure>
    </testcase>
  </testsuite>
  <testsuite name="fitBayesBinomialModel" timestamp="2024-06-17T08:47:53Z" hostname="fcab951bd68f" tests="12" skipped="0" failures="0" errors="0" time="3.339">
    <testcase time="0.405000000000001" classname="fitBayesBinomialModel" name="Issue_3_has_been_resolved"/>
    <testcase time="0.951999999999998" classname="fitBayesBinomialModel" name="Issue_4_has_been_resolved"/>
    <testcase time="0.0109999999999992" classname="fitBayesBinomialModel" name="fitBayesBinomialModel_fails_gracefully_with_bad_inputs"/>
    <testcase time="0.00600000000000023" classname="fitBayesBinomialModel" name="fitBayesBinomialModel_fails_gracefully_with_bad_inputs"/>
    <testcase time="0.00700000000000145" classname="fitBayesBinomialModel" name="fitBayesBinomialModel_fails_gracefully_with_bad_inputs"/>
    <testcase time="0.00600000000000023" classname="fitBayesBinomialModel" name="fitBayesBinomialModel_fails_gracefully_with_bad_inputs"/>
    <testcase time="0.0069999999999979" classname="fitBayesBinomialModel" name="fitBayesBinomialModel_fails_gracefully_with_bad_inputs"/>
    <testcase time="0.00700000000000145" classname="fitBayesBinomialModel" name="fitBayesBinomialModel_fails_gracefully_with_bad_inputs"/>
    <testcase time="0.00600000000000023" classname="fitBayesBinomialModel" name="fitBayesBinomialModel_fails_gracefully_with_bad_inputs"/>
    <testcase time="0.00700000000000145" classname="fitBayesBinomialModel" name="fitBayesBinomialModel_fails_gracefully_with_bad_inputs"/>
    <testcase time="1.921" classname="fitBayesBinomialModel" name="fitBayesBinomialModel_reproduces_results_from_Berry_et_al"/>
    <testcase time="0.00399999999999778" classname="fitBayesBinomialModel" name="fitBayesBinomialModel_reproduces_results_from_Berry_et_al"/>
  </testsuite>
  <testsuite name="fitBayesPoissonModel" timestamp="2024-06-17T08:47:57Z" hostname="fcab951bd68f" tests="6" skipped="0" failures="0" errors="0" time="2.301">
    <testcase time="0.493000000000002" classname="fitBayesPoissonModel" name="Issue_3_has_been_resolved"/>
    <testcase time="0.960999999999999" classname="fitBayesPoissonModel" name="Issue_4_has_been_resolved"/>
    <testcase time="0.0100000000000016" classname="fitBayesPoissonModel" name="fitBayesPoissonModel_fails_gracefully_with_bad_inputs"/>
    <testcase time="0.0069999999999979" classname="fitBayesPoissonModel" name="fitBayesPoissonModel_fails_gracefully_with_bad_inputs"/>
    <testcase time="0.00700000000000145" classname="fitBayesPoissonModel" name="fitBayesPoissonModel_fails_gracefully_with_bad_inputs"/>
    <testcase time="0.823" classname="fitBayesPoissonModel" name="fitBayesPoissonModel_produces_feasible_results"/>
  </testsuite>
  <testsuite name="getModelString" timestamp="2024-06-17T08:47:59Z" hostname="fcab951bd68f" tests="10" skipped="0" failures="0" errors="0" time="0.061">
    <testcase time="0.00999999999999801" classname="getModelString" name="test_that_getModelString_works_with_default_hyperParameters"/>
    <testcase time="0.00400000000000134" classname="getModelString" name="test_that_getModelString_works_with_default_hyperParameters"/>
    <testcase time="0.00400000000000134" classname="getModelString" name="test_that_getModelString_works_with_default_hyperParameters"/>
    <testcase time="0.00499999999999901" classname="getModelString" name="test_that_getModelString_works_with_default_hyperParameters"/>
    <testcase time="0.00400000000000134" classname="getModelString" name="test_that_getModelString_works_with_default_hyperParameters"/>
    <testcase time="0.00799999999999557" classname="getModelString" name="test_that_getModelString_works_with_hyperParameters_as_vector"/>
    <testcase time="0.007000000000005" classname="getModelString" name="test_that_getModelString_returns_correct_prior"/>
    <testcase time="0.0109999999999957" classname="getModelString" name="test_that_getModelString_fails_gracefully"/>
    <testcase time="0.00300000000000011" classname="getModelString" name="test_that_getModelString_fails_gracefully"/>
    <testcase time="0.00500000000000256" classname="getModelString" name="test_that_getModelString_fails_gracefully"/>
  </testsuite>
  <testsuite name="helpers" timestamp="2024-06-17T08:47:59Z" hostname="fcab951bd68f" tests="20" skipped="0" failures="0" errors="0" time="0.118">
    <testcase time="0.00999999999999801" classname="helpers" name=".columnExists_fails_gracefully"/>
    <testcase time="0.00400000000000489" classname="helpers" name=".columnExists_fails_gracefully"/>
    <testcase time="0.00599999999999312" classname="helpers" name=".columnExists_works"/>
    <testcase time="0.00300000000000011" classname="helpers" name=".columnExists_works"/>
    <testcase time="0.00400000000000489" classname="helpers" name=".assertColumnExists_works"/>
    <testcase time="0.00399999999999778" classname="helpers" name=".assertColumnExists_works"/>
    <testcase time="0.00500000000000256" classname="helpers" name=".assertColumnDoesNotExist_works"/>
    <testcase time="0.00499999999999545" classname="helpers" name=".assertColumnDoesNotExist_works"/>
    <testcase time="0.00800000000000267" classname="helpers" name=".ensureLimitsAreNamed_fails_gracefully_with_bad_inputs"/>
    <testcase time="0.0159999999999982" classname="helpers" name=".ensureLimitsAreNamed_works"/>
    <testcase time="0.00600000000000023" classname="helpers" name=".ensureLimitsAreNamed_works"/>
    <testcase time="0.00400000000000489" classname="helpers" name=".ensureLimitsAreNamed_works"/>
    <testcase time="0.00499999999999545" classname="helpers" name=".ensureLimitsAreNamed_works"/>
    <testcase time="0.00500000000000256" classname="helpers" name=".ensureLimitsAreNamed_works"/>
    <testcase time="0.00399999999999778" classname="helpers" name=".ensureLimitsAreNamed_works"/>
    <testcase time="0.00500000000000256" classname="helpers" name=".ensureLimitsAreNamed_works"/>
    <testcase time="0.00399999999999778" classname="helpers" name=".ensureLimitsAreNamed_works"/>
    <testcase time="0.00500000000000256" classname="helpers" name=".ensureLimitsAreNamed_works"/>
    <testcase time="0.00900000000000034" classname="helpers" name=".addStatusToObservedData_fails_gracefully_with_bad_inputs"/>
    <testcase time="0.00600000000000023" classname="helpers" name=".addStatusToObservedData_fails_gracefully_with_bad_inputs"/>
  </testsuite>
  <testsuite name="jags-installation" timestamp="2024-06-17T08:47:59Z" hostname="fcab951bd68f" tests="2" skipped="0" failures="0" errors="0" time="0.013">
    <testcase time="0.00799999999999557" classname="jags_installation" name="runjags_is_installed"/>
    <testcase time="0.00500000000000256" classname="jags_installation" name="runjags_is_installed"/>
  </testsuite>
  <testsuite name="qtl-evaluation-methods" timestamp="2024-06-17T08:47:59Z" hostname="fcab951bd68f" tests="60" skipped="0" failures="0" errors="0" time="2.252">
    <testcase time="0.0150000000000006" classname="qtl_evaluation_methods" name="evaluateCustomQTL_fails_gracefully_with_bad_input"/>
    <testcase time="0.00600000000000023" classname="qtl_evaluation_methods" name="evaluateCustomQTL_fails_gracefully_with_bad_input"/>
    <testcase time="0.00600000000000023" classname="qtl_evaluation_methods" name="evaluateCustomQTL_fails_gracefully_with_bad_input"/>
    <testcase time="0.00600000000000023" classname="qtl_evaluation_methods" name="evaluateCustomQTL_fails_gracefully_with_bad_input"/>
    <testcase time="0.00600000000000023" classname="qtl_evaluation_methods" name="evaluateCustomQTL_fails_gracefully_with_bad_input"/>
    <testcase time="0.00600000000000023" classname="qtl_evaluation_methods" name="evaluateCustomQTL_fails_gracefully_with_bad_input"/>
    <testcase time="0.0069999999999979" classname="qtl_evaluation_methods" name="evaluateCustomQTL_fails_gracefully_with_bad_input"/>
    <testcase time="0.00600000000000023" classname="qtl_evaluation_methods" name="evaluateCustomQTL_fails_gracefully_with_bad_input"/>
    <testcase time="0.00600000000000023" classname="qtl_evaluation_methods" name="evaluateCustomQTL_fails_gracefully_with_bad_input"/>
    <testcase time="0.00900000000000034" classname="qtl_evaluation_methods" name="evaluateCustomQTL_works"/>
    <testcase time="0.0150000000000006" classname="qtl_evaluation_methods" name="evaluatePointEstimateQTL_fails_gracefully_with_bad_input"/>
    <testcase time="0.00499999999999545" classname="qtl_evaluation_methods" name="evaluatePointEstimateQTL_fails_gracefully_with_bad_input"/>
    <testcase time="0.00600000000000023" classname="qtl_evaluation_methods" name="evaluatePointEstimateQTL_fails_gracefully_with_bad_input"/>
    <testcase time="0.00600000000000023" classname="qtl_evaluation_methods" name="evaluatePointEstimateQTL_fails_gracefully_with_bad_input"/>
    <testcase time="0.007000000000005" classname="qtl_evaluation_methods" name="evaluatePointEstimateQTL_fails_gracefully_with_bad_input"/>
    <testcase time="0.0069999999999979" classname="qtl_evaluation_methods" name="evaluatePointEstimateQTL_fails_gracefully_with_bad_input"/>
    <testcase time="0.00600000000000023" classname="qtl_evaluation_methods" name="evaluatePointEstimateQTL_fails_gracefully_with_bad_input"/>
    <testcase time="0.0069999999999979" classname="qtl_evaluation_methods" name="evaluatePointEstimateQTL_fails_gracefully_with_bad_input"/>
    <testcase time="0.0069999999999979" classname="qtl_evaluation_methods" name="evaluatePointEstimateQTL_fails_gracefully_with_bad_input"/>
    <testcase time="0.00600000000000023" classname="qtl_evaluation_methods" name="evaluatePointEstimateQTL_fails_gracefully_with_bad_input"/>
    <testcase time="0.0220000000000056" classname="qtl_evaluation_methods" name="evaluatePointEstimateQTL_works_with_various_limit_specifications"/>
    <testcase time="0.00300000000000011" classname="qtl_evaluation_methods" name="evaluatePointEstimateQTL_works_with_various_limit_specifications"/>
    <testcase time="0.00300000000000011" classname="qtl_evaluation_methods" name="evaluatePointEstimateQTL_works_with_various_limit_specifications"/>
    <testcase time="0.0189999999999984" classname="qtl_evaluation_methods" name="evaluatePointEstimateQTL_works_with_various_limit_specifications"/>
    <testcase time="0.00200000000000244" classname="qtl_evaluation_methods" name="evaluatePointEstimateQTL_works_with_various_limit_specifications"/>
    <testcase time="0.00399999999999778" classname="qtl_evaluation_methods" name="evaluatePointEstimateQTL_works_with_various_limit_specifications"/>
    <testcase time="0.0240000000000009" classname="qtl_evaluation_methods" name="evaluatePointEstimateQTL_works_with_various_limit_specifications"/>
    <testcase time="0.00199999999999534" classname="qtl_evaluation_methods" name="evaluatePointEstimateQTL_works_with_various_limit_specifications"/>
    <testcase time="0.00400000000000489" classname="qtl_evaluation_methods" name="evaluatePointEstimateQTL_works_with_various_limit_specifications"/>
    <testcase time="0.0169999999999959" classname="qtl_evaluation_methods" name="evaluatePointEstimateQTL_works_with_various_limit_specifications"/>
    <testcase time="0.00200000000000244" classname="qtl_evaluation_methods" name="evaluatePointEstimateQTL_works_with_various_limit_specifications"/>
    <testcase time="0.00399999999999778" classname="qtl_evaluation_methods" name="evaluatePointEstimateQTL_works_with_various_limit_specifications"/>
    <testcase time="0.0189999999999984" classname="qtl_evaluation_methods" name="evaluatePointEstimateQTL_works_with_arbitrary_summary_functions"/>
    <testcase time="0.00300000000000011" classname="qtl_evaluation_methods" name="evaluatePointEstimateQTL_works_with_arbitrary_summary_functions"/>
    <testcase time="0.00400000000000489" classname="qtl_evaluation_methods" name="evaluatePointEstimateQTL_works_with_arbitrary_summary_functions"/>
    <testcase time="0.00900000000000034" classname="qtl_evaluation_methods" name="evaluateProbabilityInRangeQTL_fails_gracefully_with_bad_input"/>
    <testcase time="0.00600000000000023" classname="qtl_evaluation_methods" name="evaluateProbabilityInRangeQTL_fails_gracefully_with_bad_input"/>
    <testcase time="0.00600000000000023" classname="qtl_evaluation_methods" name="evaluateProbabilityInRangeQTL_fails_gracefully_with_bad_input"/>
    <testcase time="0.00600000000000023" classname="qtl_evaluation_methods" name="evaluateProbabilityInRangeQTL_fails_gracefully_with_bad_input"/>
    <testcase time="0.00600000000000023" classname="qtl_evaluation_methods" name="evaluateProbabilityInRangeQTL_fails_gracefully_with_bad_input"/>
    <testcase time="0.0069999999999979" classname="qtl_evaluation_methods" name="evaluateProbabilityInRangeQTL_fails_gracefully_with_bad_input"/>
    <testcase time="0.00600000000000023" classname="qtl_evaluation_methods" name="evaluateProbabilityInRangeQTL_fails_gracefully_with_bad_input"/>
    <testcase time="0.0069999999999979" classname="qtl_evaluation_methods" name="evaluateProbabilityInRangeQTL_fails_gracefully_with_bad_input"/>
    <testcase time="0.0069999999999979" classname="qtl_evaluation_methods" name="evaluateProbabilityInRangeQTL_fails_gracefully_with_bad_input"/>
    <testcase time="0.007000000000005" classname="qtl_evaluation_methods" name="evaluateProbabilityInRangeQTL_fails_gracefully_with_bad_input"/>
    <testcase time="0.0120000000000005" classname="qtl_evaluation_methods" name="evaluateProbabilityInRangeQTL_fails_gracefully_with_bad_input"/>
    <testcase time="0.0240000000000009" classname="qtl_evaluation_methods" name="evaluateProbabilityInRangeQTL_works"/>
    <testcase time="0.00300000000000011" classname="qtl_evaluation_methods" name="evaluateProbabilityInRangeQTL_works"/>
    <testcase time="0.00300000000000011" classname="qtl_evaluation_methods" name="evaluateProbabilityInRangeQTL_works"/>
    <testcase time="0.00899999999999324" classname="qtl_evaluation_methods" name="evaluateSiteMetricQTL_fails_gracefully_with_bad_input"/>
    <testcase time="0.00600000000000023" classname="qtl_evaluation_methods" name="evaluateSiteMetricQTL_fails_gracefully_with_bad_input"/>
    <testcase time="0.00600000000000023" classname="qtl_evaluation_methods" name="evaluateSiteMetricQTL_fails_gracefully_with_bad_input"/>
    <testcase time="0.007000000000005" classname="qtl_evaluation_methods" name="evaluateSiteMetricQTL_fails_gracefully_with_bad_input"/>
    <testcase time="0.00600000000000023" classname="qtl_evaluation_methods" name="evaluateSiteMetricQTL_fails_gracefully_with_bad_input"/>
    <testcase time="0.0069999999999979" classname="qtl_evaluation_methods" name="evaluateSiteMetricQTL_fails_gracefully_with_bad_input"/>
    <testcase time="0.00600000000000023" classname="qtl_evaluation_methods" name="evaluateSiteMetricQTL_fails_gracefully_with_bad_input"/>
    <testcase time="0.0069999999999979" classname="qtl_evaluation_methods" name="evaluateSiteMetricQTL_fails_gracefully_with_bad_input"/>
    <testcase time="0.007000000000005" classname="qtl_evaluation_methods" name="evaluateSiteMetricQTL_fails_gracefully_with_bad_input"/>
    <testcase time="0.00599999999999312" classname="qtl_evaluation_methods" name="evaluateSiteMetricQTL_fails_gracefully_with_bad_input"/>
    <testcase time="1.79900000000001" classname="qtl_evaluation_methods" name="evaluateSiteMetricQTL_works"/>
  </testsuite>
  <testsuite name="shadeRange" timestamp="2024-06-17T08:48:01Z" hostname="fcab951bd68f" tests="7" skipped="0" failures="0" errors="0" time="0.105">
    <testcase time="0.00900000000000034" classname="shadeRange" name="shadeRange_fails_gracefully_when_given_bad_inputs"/>
    <testcase time="0.00799999999999557" classname="shadeRange" name="shadeRange_fails_gracefully_when_given_bad_inputs"/>
    <testcase time="0.00399999999999778" classname="shadeRange" name="shadeRange_fails_gracefully_when_given_bad_inputs"/>
    <testcase time="0.0200000000000031" classname="shadeRange" name="shadeRange_fails_gracefully_when_given_bad_inputs"/>
    <testcase time="0.0189999999999984" classname="shadeRange" name="shadeRange_fails_gracefully_when_given_bad_inputs"/>
    <testcase time="0.0189999999999984" classname="shadeRange" name="shadeRange_fails_gracefully_when_given_bad_inputs"/>
    <testcase time="0.0260000000000034" classname="shadeRange" name="shadeRange_fails_gracefully_when_given_bad_inputs"/>
  </testsuite>
</testsuites>
